{
  "RSpec": {
    "coverage": {
      "/Users/Thu/dev/ruby/projects/sample-app/spec/features/following_test.rb": [
        null,
        null,
        null,
        null,
        null,
        null,
        null,
        null,
        null,
        null,
        null,
        null,
        null,
        null,
        null,
        null,
        null,
        null,
        null,
        null,
        null,
        null,
        null,
        null,
        null,
        null,
        null,
        null,
        null,
        null
      ]
    },
    "timestamp": 1539822755
  }
}
